This is pdfTeX, Version 3.14159265-2.6-1.40.16 (MiKTeX 2.9 64-bit) (preloaded format=pdflatex 2015.9.19)  29 SEP 2015 23:12
entering extended mode
**erstsemestertag_praesentation.tex
(erstsemestertag_praesentation.tex
LaTeX2e <2015/01/01> patch level 2
Babel <3.9m> and hyphenation patterns for 69 languages loaded.
(E:\MiKTeX\tex\latex\beamer\base\beamer.cls
(E:\MiKTeX\tex\latex\beamer\base\beamerbasercs.sty
Package: beamerbasercs 2015/03/08 (rcs-revision 368aa9ba9d38)
)
Document Class: beamer 2015/01/05 3.36 A class for typesetting presentations (r
cs-revision 8a39122e1f63)
(E:\MiKTeX\tex\latex\beamer\base\beamerbasemodes.sty
Package: beamerbasemodes 2013/09/03 (rcs-revision 768f2d98ca64)
\beamer@tempbox=\box26
\beamer@tempcount=\count79
\c@beamerpauses=\count80

(E:\MiKTeX\tex\latex\beamer\base\beamerbasedecode.sty
Package: beamerbasedecode 2010/05/01 (rcs-revision efa082c6111d)
\beamer@slideinframe=\count81
\beamer@minimum=\count82
)
\beamer@commentbox=\box27
\beamer@modecount=\count83
)
(E:\MiKTeX\tex\generic\oberdiek\ifpdf.sty
Package: ifpdf 2011/01/30 v2.3 Provides the ifpdf switch (HO)
Package ifpdf Info: pdfTeX in PDF mode is detected.
)
\headheight=\dimen102
\headdp=\dimen103
\footheight=\dimen104
\sidebarheight=\dimen105
\beamer@tempdim=\dimen106
\beamer@finalheight=\dimen107
\beamer@animht=\dimen108
\beamer@animdp=\dimen109
\beamer@animwd=\dimen110
\beamer@leftmargin=\dimen111
\beamer@rightmargin=\dimen112
\beamer@leftsidebar=\dimen113
\beamer@rightsidebar=\dimen114
\beamer@boxsize=\dimen115
\beamer@vboxoffset=\dimen116
\beamer@descdefault=\dimen117
\beamer@descriptionwidth=\dimen118
\beamer@lastskip=\skip41
\beamer@areabox=\box28
\beamer@animcurrent=\box29
\beamer@animshowbox=\box30
\beamer@sectionbox=\box31
\beamer@logobox=\box32
\beamer@linebox=\box33
\beamer@sectioncount=\count84
\beamer@subsubsectionmax=\count85
\beamer@subsectionmax=\count86
\beamer@sectionmax=\count87
\beamer@totalheads=\count88
\beamer@headcounter=\count89
\beamer@partstartpage=\count90
\beamer@sectionstartpage=\count91
\beamer@subsectionstartpage=\count92
\beamer@animationtempa=\count93
\beamer@animationtempb=\count94
\beamer@xpos=\count95
\beamer@ypos=\count96
\beamer@showpartnumber=\count97
\beamer@currentsubsection=\count98
\beamer@coveringdepth=\count99
\beamer@sectionadjust=\count100
\beamer@tocsectionnumber=\count101

(E:\MiKTeX\tex\latex\beamer\base\beamerbaseoptions.sty
Package: beamerbaseoptions 2013/03/10 (rcs-revision 47431932db0d)

(E:\MiKTeX\tex\latex\graphics\keyval.sty
Package: keyval 2014/10/28 v1.15 key=value parser (DPC)
\KV@toks@=\toks14
))
\beamer@paperwidth=\skip42
\beamer@paperheight=\skip43

(E:\MiKTeX\tex\latex\geometry\geometry.sty
Package: geometry 2010/09/12 v5.6 Page Geometry

(E:\MiKTeX\tex\generic\oberdiek\ifvtex.sty
Package: ifvtex 2010/03/01 v1.5 Detect VTeX and its facilities (HO)
Package ifvtex Info: VTeX not detected.
)
(E:\MiKTeX\tex\generic\ifxetex\ifxetex.sty
Package: ifxetex 2010/09/12 v0.6 Provides ifxetex conditional
)
\Gm@cnth=\count102
\Gm@cntv=\count103
\c@Gm@tempcnt=\count104
\Gm@bindingoffset=\dimen119
\Gm@wd@mp=\dimen120
\Gm@odd@mp=\dimen121
\Gm@even@mp=\dimen122
\Gm@layoutwidth=\dimen123
\Gm@layoutheight=\dimen124
\Gm@layouthoffset=\dimen125
\Gm@layoutvoffset=\dimen126
\Gm@dimlist=\toks15

(E:\MiKTeX\tex\latex\geometry\geometry.cfg))
(E:\MiKTeX\tex\latex\base\size11.clo
File: size11.clo 2014/09/29 v1.4h Standard LaTeX file (size option)
)
(E:\MiKTeX\tex\latex\pgf\basiclayer\pgfcore.sty
(E:\MiKTeX\tex\latex\graphics\graphicx.sty
Package: graphicx 2014/10/28 v1.0g Enhanced LaTeX Graphics (DPC,SPQR)

(E:\MiKTeX\tex\latex\graphics\graphics.sty
Package: graphics 2014/10/28 v1.0p Standard LaTeX Graphics (DPC,SPQR)

(E:\MiKTeX\tex\latex\graphics\trig.sty
Package: trig 1999/03/16 v1.09 sin cos tan (DPC)
)
(E:\MiKTeX\tex\latex\00miktex\graphics.cfg
File: graphics.cfg 2007/01/18 v1.5 graphics configuration of teTeX/TeXLive
)
Package graphics Info: Driver file: pdftex.def on input line 94.

(E:\MiKTeX\tex\latex\pdftex-def\pdftex.def
File: pdftex.def 2011/05/27 v0.06d Graphics/color for pdfTeX

(E:\MiKTeX\tex\generic\oberdiek\infwarerr.sty
Package: infwarerr 2010/04/08 v1.3 Providing info/warning/error messages (HO)
)
(E:\MiKTeX\tex\generic\oberdiek\ltxcmds.sty
Package: ltxcmds 2011/11/09 v1.22 LaTeX kernel commands for general use (HO)
)
\Gread@gobject=\count105
))
\Gin@req@height=\dimen127
\Gin@req@width=\dimen128
)
(E:\MiKTeX\tex\latex\pgf\systemlayer\pgfsys.sty
(E:\MiKTeX\tex\latex\pgf\utilities\pgfrcs.sty
(E:\MiKTeX\tex\generic\pgf\utilities\pgfutil-common.tex
\pgfutil@everybye=\toks16
\pgfutil@tempdima=\dimen129
\pgfutil@tempdimb=\dimen130

(E:\MiKTeX\tex\generic\pgf\utilities\pgfutil-common-lists.tex))
(E:\MiKTeX\tex\generic\pgf\utilities\pgfutil-latex.def
\pgfutil@abb=\box34

(E:\MiKTeX\tex\latex\ms\everyshi.sty
Package: everyshi 2001/05/15 v3.00 EveryShipout Package (MS)
))
(E:\MiKTeX\tex\generic\pgf\utilities\pgfrcs.code.tex
Package: pgfrcs 2015/08/07 v3.0.1a (rcs-revision 1.31)
))
(E:\MiKTeX\tex\generic\pgf\systemlayer\pgfsys.code.tex
Package: pgfsys 2014/07/09 v3.0.1a (rcs-revision 1.48)

(E:\MiKTeX\tex\generic\pgf\utilities\pgfkeys.code.tex
\pgfkeys@pathtoks=\toks17
\pgfkeys@temptoks=\toks18

(E:\MiKTeX\tex\generic\pgf\utilities\pgfkeysfiltered.code.tex
\pgfkeys@tmptoks=\toks19
))
\pgf@x=\dimen131
\pgf@y=\dimen132
\pgf@xa=\dimen133
\pgf@ya=\dimen134
\pgf@xb=\dimen135
\pgf@yb=\dimen136
\pgf@xc=\dimen137
\pgf@yc=\dimen138
\w@pgf@writea=\write3
\r@pgf@reada=\read1
\c@pgf@counta=\count106
\c@pgf@countb=\count107
\c@pgf@countc=\count108
\c@pgf@countd=\count109
\t@pgf@toka=\toks20
\t@pgf@tokb=\toks21
\t@pgf@tokc=\toks22

(E:\MiKTeX\tex\generic\pgf\systemlayer\pgf.cfg
File: pgf.cfg 2008/05/14  (rcs-revision 1.7)
)
Driver file for pgf: pgfsys-pdftex.def

(E:\MiKTeX\tex\generic\pgf\systemlayer\pgfsys-pdftex.def
File: pgfsys-pdftex.def 2014/10/11  (rcs-revision 1.35)

(E:\MiKTeX\tex\generic\pgf\systemlayer\pgfsys-common-pdf.def
File: pgfsys-common-pdf.def 2013/10/10  (rcs-revision 1.13)
)))
(E:\MiKTeX\tex\generic\pgf\systemlayer\pgfsyssoftpath.code.tex
File: pgfsyssoftpath.code.tex 2013/09/09  (rcs-revision 1.9)
\pgfsyssoftpath@smallbuffer@items=\count110
\pgfsyssoftpath@bigbuffer@items=\count111
)
(E:\MiKTeX\tex\generic\pgf\systemlayer\pgfsysprotocol.code.tex
File: pgfsysprotocol.code.tex 2006/10/16  (rcs-revision 1.4)
))
(E:\MiKTeX\tex\latex\xcolor\xcolor.sty
Package: xcolor 2007/01/21 v2.11 LaTeX color extensions (UK)
 (E:\MiKTeX\tex\latex\00miktex\color.cfg
File: color.cfg 2007/01/18 v1.5 color configuration of teTeX/TeXLive
)
Package xcolor Info: Driver file: pdftex.def on input line 225.
Package xcolor Info: Model `cmy' substituted by `cmy0' on input line 1337.
Package xcolor Info: Model `hsb' substituted by `rgb' on input line 1341.
Package xcolor Info: Model `RGB' extended on input line 1353.
Package xcolor Info: Model `HTML' substituted by `rgb' on input line 1355.
Package xcolor Info: Model `Hsb' substituted by `hsb' on input line 1356.
Package xcolor Info: Model `tHsb' substituted by `hsb' on input line 1357.
Package xcolor Info: Model `HSB' substituted by `hsb' on input line 1358.
Package xcolor Info: Model `Gray' substituted by `gray' on input line 1359.
Package xcolor Info: Model `wave' substituted by `hsb' on input line 1360.
) (E:\MiKTeX\tex\generic\pgf\basiclayer\pgfcore.code.tex
Package: pgfcore 2010/04/11 v3.0.1a (rcs-revision 1.7)

(E:\MiKTeX\tex\generic\pgf\math\pgfmath.code.tex
(E:\MiKTeX\tex\generic\pgf\math\pgfmathcalc.code.tex
(E:\MiKTeX\tex\generic\pgf\math\pgfmathutil.code.tex)
(E:\MiKTeX\tex\generic\pgf\math\pgfmathparser.code.tex
\pgfmath@dimen=\dimen139
\pgfmath@count=\count112
\pgfmath@box=\box35
\pgfmath@toks=\toks23
\pgfmath@stack@operand=\toks24
\pgfmath@stack@operation=\toks25
)
(E:\MiKTeX\tex\generic\pgf\math\pgfmathfunctions.code.tex
(E:\MiKTeX\tex\generic\pgf\math\pgfmathfunctions.basic.code.tex)
(E:\MiKTeX\tex\generic\pgf\math\pgfmathfunctions.trigonometric.code.tex)
(E:\MiKTeX\tex\generic\pgf\math\pgfmathfunctions.random.code.tex)
(E:\MiKTeX\tex\generic\pgf\math\pgfmathfunctions.comparison.code.tex)
(E:\MiKTeX\tex\generic\pgf\math\pgfmathfunctions.base.code.tex)
(E:\MiKTeX\tex\generic\pgf\math\pgfmathfunctions.round.code.tex)
(E:\MiKTeX\tex\generic\pgf\math\pgfmathfunctions.misc.code.tex)
(E:\MiKTeX\tex\generic\pgf\math\pgfmathfunctions.integerarithmetics.code.tex)))
(E:\MiKTeX\tex\generic\pgf\math\pgfmathfloat.code.tex
\c@pgfmathroundto@lastzeros=\count113
))
(E:\MiKTeX\tex\generic\pgf\basiclayer\pgfcorepoints.code.tex
File: pgfcorepoints.code.tex 2013/10/07  (rcs-revision 1.27)
\pgf@picminx=\dimen140
\pgf@picmaxx=\dimen141
\pgf@picminy=\dimen142
\pgf@picmaxy=\dimen143
\pgf@pathminx=\dimen144
\pgf@pathmaxx=\dimen145
\pgf@pathminy=\dimen146
\pgf@pathmaxy=\dimen147
\pgf@xx=\dimen148
\pgf@xy=\dimen149
\pgf@yx=\dimen150
\pgf@yy=\dimen151
\pgf@zx=\dimen152
\pgf@zy=\dimen153
)
(E:\MiKTeX\tex\generic\pgf\basiclayer\pgfcorepathconstruct.code.tex
File: pgfcorepathconstruct.code.tex 2013/10/07  (rcs-revision 1.29)
\pgf@path@lastx=\dimen154
\pgf@path@lasty=\dimen155
)
(E:\MiKTeX\tex\generic\pgf\basiclayer\pgfcorepathusage.code.tex
File: pgfcorepathusage.code.tex 2014/11/02  (rcs-revision 1.24)
\pgf@shorten@end@additional=\dimen156
\pgf@shorten@start@additional=\dimen157
)
(E:\MiKTeX\tex\generic\pgf\basiclayer\pgfcorescopes.code.tex
File: pgfcorescopes.code.tex 2015/05/08  (rcs-revision 1.46)
\pgfpic=\box36
\pgf@hbox=\box37
\pgf@layerbox@main=\box38
\pgf@picture@serial@count=\count114
)
(E:\MiKTeX\tex\generic\pgf\basiclayer\pgfcoregraphicstate.code.tex
File: pgfcoregraphicstate.code.tex 2014/11/02  (rcs-revision 1.12)
\pgflinewidth=\dimen158
)
(E:\MiKTeX\tex\generic\pgf\basiclayer\pgfcoretransformations.code.tex
File: pgfcoretransformations.code.tex 2015/08/07  (rcs-revision 1.20)
\pgf@pt@x=\dimen159
\pgf@pt@y=\dimen160
\pgf@pt@temp=\dimen161
)
(E:\MiKTeX\tex\generic\pgf\basiclayer\pgfcorequick.code.tex
File: pgfcorequick.code.tex 2008/10/09  (rcs-revision 1.3)
)
(E:\MiKTeX\tex\generic\pgf\basiclayer\pgfcoreobjects.code.tex
File: pgfcoreobjects.code.tex 2006/10/11  (rcs-revision 1.2)
)
(E:\MiKTeX\tex\generic\pgf\basiclayer\pgfcorepathprocessing.code.tex
File: pgfcorepathprocessing.code.tex 2013/09/09  (rcs-revision 1.9)
)
(E:\MiKTeX\tex\generic\pgf\basiclayer\pgfcorearrows.code.tex
File: pgfcorearrows.code.tex 2015/05/14  (rcs-revision 1.43)
\pgfarrowsep=\dimen162
)
(E:\MiKTeX\tex\generic\pgf\basiclayer\pgfcoreshade.code.tex
File: pgfcoreshade.code.tex 2013/07/15  (rcs-revision 1.15)
\pgf@max=\dimen163
\pgf@sys@shading@range@num=\count115
)
(E:\MiKTeX\tex\generic\pgf\basiclayer\pgfcoreimage.code.tex
File: pgfcoreimage.code.tex 2013/07/15  (rcs-revision 1.18)

(E:\MiKTeX\tex\generic\pgf\basiclayer\pgfcoreexternal.code.tex
File: pgfcoreexternal.code.tex 2014/07/09  (rcs-revision 1.21)
\pgfexternal@startupbox=\box39
))
(E:\MiKTeX\tex\generic\pgf\basiclayer\pgfcorelayers.code.tex
File: pgfcorelayers.code.tex 2013/07/18  (rcs-revision 1.7)
)
(E:\MiKTeX\tex\generic\pgf\basiclayer\pgfcoretransparency.code.tex
File: pgfcoretransparency.code.tex 2013/09/30  (rcs-revision 1.5)
)
(E:\MiKTeX\tex\generic\pgf\basiclayer\pgfcorepatterns.code.tex
File: pgfcorepatterns.code.tex 2013/11/07  (rcs-revision 1.5)
)))
(E:\MiKTeX\tex\latex\pgf\utilities\xxcolor.sty
Package: xxcolor 2003/10/24 ver 0.1
\XC@nummixins=\count116
\XC@countmixins=\count117
)
(E:\MiKTeX\tex\generic\oberdiek\atbegshi.sty
Package: atbegshi 2011/10/05 v1.16 At begin shipout hook (HO)
)
(E:\MiKTeX\tex\latex\hyperref\hyperref.sty
Package: hyperref 2012/11/06 v6.83m Hypertext links for LaTeX

(E:\MiKTeX\tex\generic\oberdiek\hobsub-hyperref.sty
Package: hobsub-hyperref 2012/04/25 v1.12 Bundle oberdiek, subset hyperref (HO)


(E:\MiKTeX\tex\generic\oberdiek\hobsub-generic.sty
Package: hobsub-generic 2012/04/25 v1.12 Bundle oberdiek, subset generic (HO)
Package: hobsub 2012/04/25 v1.12 Construct package bundles (HO)
Package hobsub Info: Skipping package `infwarerr' (already loaded).
Package hobsub Info: Skipping package `ltxcmds' (already loaded).
Package: ifluatex 2010/03/01 v1.3 Provides the ifluatex switch (HO)
Package ifluatex Info: LuaTeX not detected.
Package hobsub Info: Skipping package `ifvtex' (already loaded).
Package: intcalc 2007/09/27 v1.1 Expandable calculations with integers (HO)
Package hobsub Info: Skipping package `ifpdf' (already loaded).
Package: etexcmds 2011/02/16 v1.5 Avoid name clashes with e-TeX commands (HO)
Package etexcmds Info: Could not find \expanded.
(etexcmds)             That can mean that you are not using pdfTeX 1.50 or
(etexcmds)             that some package has redefined \expanded.
(etexcmds)             In the latter case, load this package earlier.
Package: kvsetkeys 2012/04/25 v1.16 Key value parser (HO)
Package: kvdefinekeys 2011/04/07 v1.3 Define keys (HO)
Package: pdftexcmds 2011/11/29 v0.20 Utility functions of pdfTeX for LuaTeX (HO
)
Package pdftexcmds Info: LuaTeX not detected.
Package pdftexcmds Info: \pdf@primitive is available.
Package pdftexcmds Info: \pdf@ifprimitive is available.
Package pdftexcmds Info: \pdfdraftmode found.
Package: pdfescape 2011/11/25 v1.13 Implements pdfTeX's escape features (HO)
Package: bigintcalc 2012/04/08 v1.3 Expandable calculations on big integers (HO
)
Package: bitset 2011/01/30 v1.1 Handle bit-vector datatype (HO)
Package: uniquecounter 2011/01/30 v1.2 Provide unlimited unique counter (HO)
)
Package hobsub Info: Skipping package `hobsub' (already loaded).
Package: letltxmacro 2010/09/02 v1.4 Let assignment for LaTeX macros (HO)
Package: hopatch 2011/06/24 v1.1 Wrapper for package hooks (HO)
Package: xcolor-patch 2011/01/30 xcolor patch
Package: atveryend 2011/06/30 v1.8 Hooks at the very end of document (HO)
Package atveryend Info: \enddocument detected (standard20110627).
Package hobsub Info: Skipping package `atbegshi' (already loaded).
Package: refcount 2011/10/16 v3.4 Data extraction from label references (HO)
Package: hycolor 2011/01/30 v1.7 Color options for hyperref/bookmark (HO)
)
(E:\MiKTeX\tex\latex\oberdiek\auxhook.sty
Package: auxhook 2011/03/04 v1.3 Hooks for auxiliary files (HO)
)
(E:\MiKTeX\tex\latex\oberdiek\kvoptions.sty
Package: kvoptions 2011/06/30 v3.11 Key value format for package options (HO)
)
\@linkdim=\dimen164
\Hy@linkcounter=\count118
\Hy@pagecounter=\count119

(E:\MiKTeX\tex\latex\hyperref\pd1enc.def
File: pd1enc.def 2012/11/06 v6.83m Hyperref: PDFDocEncoding definition (HO)
)
\Hy@SavedSpaceFactor=\count120

(E:\MiKTeX\tex\latex\00miktex\hyperref.cfg
File: hyperref.cfg 2002/06/06 v1.2 hyperref configuration of TeXLive
)
Package hyperref Info: Option `bookmarks' set `true' on input line 4319.
Package hyperref Info: Option `bookmarksopen' set `true' on input line 4319.
Package hyperref Info: Option `implicit' set `false' on input line 4319.
Package hyperref Info: Hyper figures OFF on input line 4443.
Package hyperref Info: Link nesting OFF on input line 4448.
Package hyperref Info: Hyper index ON on input line 4451.
Package hyperref Info: Plain pages OFF on input line 4458.
Package hyperref Info: Backreferencing OFF on input line 4463.
Package hyperref Info: Implicit mode OFF; no redefinition of LaTeX internals.
Package hyperref Info: Bookmarks ON on input line 4688.
\c@Hy@tempcnt=\count121
 (E:\MiKTeX\tex\latex\url\url.sty
\Urlmuskip=\muskip10
Package: url 2013/09/16  ver 3.4  Verb mode for urls, etc.
)
LaTeX Info: Redefining \url on input line 5041.
\XeTeXLinkMargin=\dimen165
\Fld@menulength=\count122
\Field@Width=\dimen166
\Fld@charsize=\dimen167
Package hyperref Info: Hyper figures OFF on input line 6295.
Package hyperref Info: Link nesting OFF on input line 6300.
Package hyperref Info: Hyper index ON on input line 6303.
Package hyperref Info: backreferencing OFF on input line 6310.
Package hyperref Info: Link coloring OFF on input line 6315.
Package hyperref Info: Link coloring with OCG OFF on input line 6320.
Package hyperref Info: PDF/A mode OFF on input line 6325.
LaTeX Info: Redefining \ref on input line 6365.
LaTeX Info: Redefining \pageref on input line 6369.
\Hy@abspage=\count123


Package hyperref Message: Stopped early.

)

Package hyperref Message: Driver (autodetected): hpdftex.

(E:\MiKTeX\tex\latex\hyperref\hpdftex.def
File: hpdftex.def 2012/11/06 v6.83m Hyperref driver for pdfTeX
\Fld@listcount=\count124
\c@bookmark@seq@number=\count125

(E:\MiKTeX\tex\latex\oberdiek\rerunfilecheck.sty
Package: rerunfilecheck 2011/04/15 v1.7 Rerun checks for auxiliary files (HO)
Package uniquecounter Info: New unique counter `rerunfilecheck' on input line 2
82.
))
(E:\MiKTeX\tex\latex\beamer\base\beamerbaserequires.sty
Package: beamerbaserequires 2010/05/01  (rcs-revision efa082c6111d)

(E:\MiKTeX\tex\latex\beamer\base\beamerbasecompatibility.sty
Package: beamerbasecompatibility 2012/05/01  (rcs-revision 67c48b3b652d)
)
(E:\MiKTeX\tex\latex\beamer\base\beamerbasefont.sty
Package: beamerbasefont 2015/01/05  (rcs-revision b4b4bee242e2)

(E:\MiKTeX\tex\latex\amsfonts\amssymb.sty
Package: amssymb 2013/01/14 v3.01 AMS font symbols

(E:\MiKTeX\tex\latex\amsfonts\amsfonts.sty
Package: amsfonts 2013/01/14 v3.01 Basic AMSFonts support
\@emptytoks=\toks26
\symAMSa=\mathgroup4
\symAMSb=\mathgroup5
LaTeX Font Info:    Overwriting math alphabet `\mathfrak' in version `bold'
(Font)                  U/euf/m/n --> U/euf/b/n on input line 106.
))
(E:\MiKTeX\tex\latex\sansmathaccent\sansmathaccent.sty
Package: sansmathaccent 2013/03/28

(E:\MiKTeX\tex\latex\filehook\filehook.sty
Package: filehook 2011/10/12 v0.5d Hooks for input files
)))
(E:\MiKTeX\tex\latex\beamer\base\beamerbasetranslator.sty
Package: beamerbasetranslator 2010/06/11  (rcs-revision 85fd1cc7fc42)

(E:\MiKTeX\tex\latex\beamer\base\translator\translator.sty
Package: translator 2010/06/12 ver 1.10

(E:\MiKTeX\tex\latex\beamer\base\translator\translator-language-mappings.tex)))
(E:\MiKTeX\tex\latex\beamer\base\beamerbasemisc.sty
Package: beamerbasemisc 2013/09/03  (rcs-revision a55719c41d85)
)
(E:\MiKTeX\tex\latex\beamer\base\beamerbasetwoscreens.sty
Package: beamerbasetwoscreens 2010/05/01  (rcs-revision efa082c6111d)
)
(E:\MiKTeX\tex\latex\beamer\base\beamerbaseoverlay.sty
Package: beamerbaseoverlay 2013/12/25  (rcs-revision f6bd5e3805da)
\beamer@argscount=\count126
\beamer@lastskipcover=\skip44
\beamer@trivlistdepth=\count127
)
(E:\MiKTeX\tex\latex\beamer\base\beamerbasetitle.sty
Package: beamerbasetitle 2010/09/21  (rcs-revision f0446ed0b6ae)
)
(E:\MiKTeX\tex\latex\beamer\base\beamerbasesection.sty
Package: beamerbasesection 2013/06/07  (rcs-revision 60b9fe0f342f)
\c@lecture=\count128
\c@part=\count129
\c@section=\count130
\c@subsection=\count131
\c@subsubsection=\count132
)
(E:\MiKTeX\tex\latex\beamer\base\beamerbaseframe.sty
Package: beamerbaseframe 2014/02/20  (rcs-revision 4b8ceeeff434)
\beamer@framebox=\box40
\beamer@frametitlebox=\box41
\beamer@zoombox=\box42
\beamer@zoomcount=\count133
\beamer@zoomframecount=\count134
\beamer@frametextheight=\dimen168
\c@subsectionslide=\count135
\beamer@frametopskip=\skip45
\beamer@framebottomskip=\skip46
\beamer@frametopskipautobreak=\skip47
\beamer@framebottomskipautobreak=\skip48
\beamer@envbody=\toks27
\framewidth=\dimen169
\c@framenumber=\count136
)
(E:\MiKTeX\tex\latex\beamer\base\beamerbaseverbatim.sty
Package: beamerbaseverbatim 2015/01/05  (rcs-revision 431510bb5890)
\beamer@verbatimfileout=\write4
)
(E:\MiKTeX\tex\latex\beamer\base\beamerbaseframesize.sty
Package: beamerbaseframesize 2011/09/12  (rcs-revision 70f9d8411e54)
\beamer@splitbox=\box43
\beamer@autobreakcount=\count137
\beamer@autobreaklastheight=\dimen170
\beamer@frametitletoks=\toks28
\beamer@framesubtitletoks=\toks29
)
(E:\MiKTeX\tex\latex\beamer\base\beamerbaseframecomponents.sty
Package: beamerbaseframecomponents 2013/10/18  (rcs-revision 5cf6c5555a45)
\beamer@footins=\box44
)
(E:\MiKTeX\tex\latex\beamer\base\beamerbasecolor.sty
Package: beamerbasecolor 2015/02/21  (rcs-revision d944b04ee2d5)
)
(E:\MiKTeX\tex\latex\beamer\base\beamerbasenotes.sty
Package: beamerbasenotes 2012/12/19  (rcs-revision 1686da3db3c9)
\beamer@frameboxcopy=\box45
)
(E:\MiKTeX\tex\latex\beamer\base\beamerbasetoc.sty
Package: beamerbasetoc 2015/03/08  (rcs-revision 7270298bbaae)
)
(E:\MiKTeX\tex\latex\beamer\base\beamerbasetemplates.sty
Package: beamerbasetemplates 2010/05/01  (rcs-revision efa082c6111d)
\beamer@sbttoks=\toks30

(E:\MiKTeX\tex\latex\beamer\base\beamerbaseauxtemplates.sty
Package: beamerbaseauxtemplates 2014/06/30  (rcs-revision 580088513a67)

(E:\MiKTeX\tex\latex\beamer\base\beamerbaseboxes.sty
Package: beamerbaseboxes 2012/05/13  (rcs-revision 56972908a390)
\bmb@box=\box46
\bmb@colorbox=\box47
\bmb@boxshadow=\box48
\bmb@boxshadowball=\box49
\bmb@boxshadowballlarge=\box50
\bmb@temp=\dimen171
\bmb@dima=\dimen172
\bmb@dimb=\dimen173
\bmb@prevheight=\dimen174
)
\beamer@blockheadheight=\dimen175
))
(E:\MiKTeX\tex\latex\beamer\base\beamerbaselocalstructure.sty
Package: beamerbaselocalstructure 2014/09/10  (rcs-revision 393f6dcff371)

(E:\MiKTeX\tex\latex\tools\enumerate.sty
Package: enumerate 2014/10/28 v3.00 enumerate extensions (DPC)
\@enLab=\toks31
)
\c@figure=\count138
\c@table=\count139
\abovecaptionskip=\skip49
\belowcaptionskip=\skip50
)
(E:\MiKTeX\tex\latex\beamer\base\beamerbasenavigation.sty
Package: beamerbasenavigation 2015/02/27  (rcs-revision 923f4bf87efa)
\beamer@section@min@dim=\dimen176
)
(E:\MiKTeX\tex\latex\beamer\base\beamerbasetheorems.sty
Package: beamerbasetheorems 2010/06/06  (rcs-revision 7e7cc5e53e9d)

(E:\MiKTeX\tex\latex\amsmath\amsmath.sty
Package: amsmath 2013/01/14 v2.14 AMS math features
\@mathmargin=\skip51

For additional information on amsmath, use the `?' option.
(E:\MiKTeX\tex\latex\amsmath\amstext.sty
Package: amstext 2000/06/29 v2.01

(E:\MiKTeX\tex\latex\amsmath\amsgen.sty
File: amsgen.sty 1999/11/30 v2.0
\@emptytoks=\toks32
\ex@=\dimen177
))
(E:\MiKTeX\tex\latex\amsmath\amsbsy.sty
Package: amsbsy 1999/11/29 v1.2d
\pmbraise@=\dimen178
)
(E:\MiKTeX\tex\latex\amsmath\amsopn.sty
Package: amsopn 1999/12/14 v2.01 operator names
)
\inf@bad=\count140
LaTeX Info: Redefining \frac on input line 210.
\uproot@=\count141
\leftroot@=\count142
LaTeX Info: Redefining \overline on input line 306.
\classnum@=\count143
\DOTSCASE@=\count144
LaTeX Info: Redefining \ldots on input line 378.
LaTeX Info: Redefining \dots on input line 381.
LaTeX Info: Redefining \cdots on input line 466.
\Mathstrutbox@=\box51
\strutbox@=\box52
\big@size=\dimen179
LaTeX Font Info:    Redeclaring font encoding OML on input line 566.
LaTeX Font Info:    Redeclaring font encoding OMS on input line 567.
\macc@depth=\count145
\c@MaxMatrixCols=\count146
\dotsspace@=\muskip11
\c@parentequation=\count147
\dspbrk@lvl=\count148
\tag@help=\toks33
\row@=\count149
\column@=\count150
\maxfields@=\count151
\andhelp@=\toks34
\eqnshift@=\dimen180
\alignsep@=\dimen181
\tagshift@=\dimen182
\tagwidth@=\dimen183
\totwidth@=\dimen184
\lineht@=\dimen185
\@envbody=\toks35
\multlinegap=\skip52
\multlinetaggap=\skip53
\mathdisplay@stack=\toks36
LaTeX Info: Redefining \[ on input line 2665.
LaTeX Info: Redefining \] on input line 2666.
)
(E:\MiKTeX\tex\latex\amscls\amsthm.sty
Package: amsthm 2015/03/04 v2.20.2
\thm@style=\toks37
\thm@bodyfont=\toks38
\thm@headfont=\toks39
\thm@notefont=\toks40
\thm@headpunct=\toks41
\thm@preskip=\skip54
\thm@postskip=\skip55
\thm@headsep=\skip56
\dth@everypar=\toks42
)
\c@theorem=\count152
)
(E:\MiKTeX\tex\latex\beamer\base\beamerbasethemes.sty
Package: beamerbasethemes 2010/05/01  (rcs-revision efa082c6111d)
))
(E:\MiKTeX\tex\latex\beamer\base\themes\theme\beamerthemedefault.sty
Package: beamerthemedefault 2010/06/17  (rcs-revision d02a7cf4d8ae)

(E:\MiKTeX\tex\latex\beamer\base\themes\font\beamerfontthemedefault.sty
Package: beamerfontthemedefault 2012/12/19  (rcs-revision 1686da3db3c9)
)
(E:\MiKTeX\tex\latex\beamer\base\themes\color\beamercolorthemedefault.sty
Package: beamercolorthemedefault 2012/12/19  (rcs-revision 1686da3db3c9)
)
(E:\MiKTeX\tex\latex\beamer\base\themes\inner\beamerinnerthemedefault.sty
Package: beamerinnerthemedefault 2014/06/30  (rcs-revision 580088513a67)
\beamer@dima=\dimen186
\beamer@dimb=\dimen187
)
(E:\MiKTeX\tex\latex\beamer\base\themes\outer\beamerouterthemedefault.sty
Package: beamerouterthemedefault 2012/12/19  (rcs-revision 1686da3db3c9)
)))
(E:\MiKTeX\tex\generic\babel\babel.sty
Package: babel 2015/08/03 3.9m The Babel package

*************************************
* Local config file bblopts.cfg used
*
(E:\MiKTeX\tex\latex\00miktex\bblopts.cfg
File: bblopts.cfg 2006/07/31 v1.0 MiKTeX 'babel' configuration
)
(E:\MiKTeX\tex\latex\babel-german\ngerman.ldf
Language: ngerman 2013/12/13 v2.7 German support for babel (new orthography)

(E:\MiKTeX\tex\latex\babel-german\ngermanb.ldf
Language: ngermanb 2013/12/13 v2.7 German support for babel (new orthography)

(E:\MiKTeX\tex\generic\babel\babel.def
File: babel.def 2015/08/03 3.9m Babel common definitions
\babel@savecnt=\count153
\U@D=\dimen188
LaTeX Info: Redefining \textlatin on input line 1431.
)
\l@naustrian = a dialect from \language\l@ngerman 
\l@nswissgerman = a dialect from \language\l@ngerman 
Package babel Info: Making " an active character on input line 88.
)))
(E:\MiKTeX\tex\latex\base\inputenc.sty
Package: inputenc 2015/03/17 v1.2c Input encoding file
\inpenc@prehook=\toks43
\inpenc@posthook=\toks44
 (E:\MiKTeX\tex\latex\base\utf8.def
File: utf8.def 2015/06/27 v1.1n UTF-8 support for inputenc
Now handling font encoding OML ...
... no UTF-8 mapping file for font encoding OML
Now handling font encoding T1 ...
... processing UTF-8 mapping file for font encoding T1

(E:\MiKTeX\tex\latex\base\t1enc.dfu
File: t1enc.dfu 2015/06/27 v1.1n UTF-8 support for inputenc
   defining Unicode char U+00A1 (decimal 161)
   defining Unicode char U+00A3 (decimal 163)
   defining Unicode char U+00AB (decimal 171)
   defining Unicode char U+00BB (decimal 187)
   defining Unicode char U+00BF (decimal 191)
   defining Unicode char U+00C0 (decimal 192)
   defining Unicode char U+00C1 (decimal 193)
   defining Unicode char U+00C2 (decimal 194)
   defining Unicode char U+00C3 (decimal 195)
   defining Unicode char U+00C4 (decimal 196)
   defining Unicode char U+00C5 (decimal 197)
   defining Unicode char U+00C6 (decimal 198)
   defining Unicode char U+00C7 (decimal 199)
   defining Unicode char U+00C8 (decimal 200)
   defining Unicode char U+00C9 (decimal 201)
   defining Unicode char U+00CA (decimal 202)
   defining Unicode char U+00CB (decimal 203)
   defining Unicode char U+00CC (decimal 204)
   defining Unicode char U+00CD (decimal 205)
   defining Unicode char U+00CE (decimal 206)
   defining Unicode char U+00CF (decimal 207)
   defining Unicode char U+00D0 (decimal 208)
   defining Unicode char U+00D1 (decimal 209)
   defining Unicode char U+00D2 (decimal 210)
   defining Unicode char U+00D3 (decimal 211)
   defining Unicode char U+00D4 (decimal 212)
   defining Unicode char U+00D5 (decimal 213)
   defining Unicode char U+00D6 (decimal 214)
   defining Unicode char U+00D8 (decimal 216)
   defining Unicode char U+00D9 (decimal 217)
   defining Unicode char U+00DA (decimal 218)
   defining Unicode char U+00DB (decimal 219)
   defining Unicode char U+00DC (decimal 220)
   defining Unicode char U+00DD (decimal 221)
   defining Unicode char U+00DE (decimal 222)
   defining Unicode char U+00DF (decimal 223)
   defining Unicode char U+00E0 (decimal 224)
   defining Unicode char U+00E1 (decimal 225)
   defining Unicode char U+00E2 (decimal 226)
   defining Unicode char U+00E3 (decimal 227)
   defining Unicode char U+00E4 (decimal 228)
   defining Unicode char U+00E5 (decimal 229)
   defining Unicode char U+00E6 (decimal 230)
   defining Unicode char U+00E7 (decimal 231)
   defining Unicode char U+00E8 (decimal 232)
   defining Unicode char U+00E9 (decimal 233)
   defining Unicode char U+00EA (decimal 234)
   defining Unicode char U+00EB (decimal 235)
   defining Unicode char U+00EC (decimal 236)
   defining Unicode char U+00ED (decimal 237)
   defining Unicode char U+00EE (decimal 238)
   defining Unicode char U+00EF (decimal 239)
   defining Unicode char U+00F0 (decimal 240)
   defining Unicode char U+00F1 (decimal 241)
   defining Unicode char U+00F2 (decimal 242)
   defining Unicode char U+00F3 (decimal 243)
   defining Unicode char U+00F4 (decimal 244)
   defining Unicode char U+00F5 (decimal 245)
   defining Unicode char U+00F6 (decimal 246)
   defining Unicode char U+00F8 (decimal 248)
   defining Unicode char U+00F9 (decimal 249)
   defining Unicode char U+00FA (decimal 250)
   defining Unicode char U+00FB (decimal 251)
   defining Unicode char U+00FC (decimal 252)
   defining Unicode char U+00FD (decimal 253)
   defining Unicode char U+00FE (decimal 254)
   defining Unicode char U+00FF (decimal 255)
   defining Unicode char U+0102 (decimal 258)
   defining Unicode char U+0103 (decimal 259)
   defining Unicode char U+0104 (decimal 260)
   defining Unicode char U+0105 (decimal 261)
   defining Unicode char U+0106 (decimal 262)
   defining Unicode char U+0107 (decimal 263)
   defining Unicode char U+010C (decimal 268)
   defining Unicode char U+010D (decimal 269)
   defining Unicode char U+010E (decimal 270)
   defining Unicode char U+010F (decimal 271)
   defining Unicode char U+0110 (decimal 272)
   defining Unicode char U+0111 (decimal 273)
   defining Unicode char U+0118 (decimal 280)
   defining Unicode char U+0119 (decimal 281)
   defining Unicode char U+011A (decimal 282)
   defining Unicode char U+011B (decimal 283)
   defining Unicode char U+011E (decimal 286)
   defining Unicode char U+011F (decimal 287)
   defining Unicode char U+0130 (decimal 304)
   defining Unicode char U+0131 (decimal 305)
   defining Unicode char U+0132 (decimal 306)
   defining Unicode char U+0133 (decimal 307)
   defining Unicode char U+0139 (decimal 313)
   defining Unicode char U+013A (decimal 314)
   defining Unicode char U+013D (decimal 317)
   defining Unicode char U+013E (decimal 318)
   defining Unicode char U+0141 (decimal 321)
   defining Unicode char U+0142 (decimal 322)
   defining Unicode char U+0143 (decimal 323)
   defining Unicode char U+0144 (decimal 324)
   defining Unicode char U+0147 (decimal 327)
   defining Unicode char U+0148 (decimal 328)
   defining Unicode char U+014A (decimal 330)
   defining Unicode char U+014B (decimal 331)
   defining Unicode char U+0150 (decimal 336)
   defining Unicode char U+0151 (decimal 337)
   defining Unicode char U+0152 (decimal 338)
   defining Unicode char U+0153 (decimal 339)
   defining Unicode char U+0154 (decimal 340)
   defining Unicode char U+0155 (decimal 341)
   defining Unicode char U+0158 (decimal 344)
   defining Unicode char U+0159 (decimal 345)
   defining Unicode char U+015A (decimal 346)
   defining Unicode char U+015B (decimal 347)
   defining Unicode char U+015E (decimal 350)
   defining Unicode char U+015F (decimal 351)
   defining Unicode char U+0160 (decimal 352)
   defining Unicode char U+0161 (decimal 353)
   defining Unicode char U+0162 (decimal 354)
   defining Unicode char U+0163 (decimal 355)
   defining Unicode char U+0164 (decimal 356)
   defining Unicode char U+0165 (decimal 357)
   defining Unicode char U+016E (decimal 366)
   defining Unicode char U+016F (decimal 367)
   defining Unicode char U+0170 (decimal 368)
   defining Unicode char U+0171 (decimal 369)
   defining Unicode char U+0178 (decimal 376)
   defining Unicode char U+0179 (decimal 377)
   defining Unicode char U+017A (decimal 378)
   defining Unicode char U+017B (decimal 379)
   defining Unicode char U+017C (decimal 380)
   defining Unicode char U+017D (decimal 381)
   defining Unicode char U+017E (decimal 382)
   defining Unicode char U+200C (decimal 8204)
   defining Unicode char U+2013 (decimal 8211)
   defining Unicode char U+2014 (decimal 8212)
   defining Unicode char U+2018 (decimal 8216)
   defining Unicode char U+2019 (decimal 8217)
   defining Unicode char U+201A (decimal 8218)
   defining Unicode char U+201C (decimal 8220)
   defining Unicode char U+201D (decimal 8221)
   defining Unicode char U+201E (decimal 8222)
   defining Unicode char U+2030 (decimal 8240)
   defining Unicode char U+2031 (decimal 8241)
   defining Unicode char U+2039 (decimal 8249)
   defining Unicode char U+203A (decimal 8250)
   defining Unicode char U+2423 (decimal 9251)
)
Now handling font encoding OT1 ...
... processing UTF-8 mapping file for font encoding OT1
 (E:\MiKTeX\tex\latex\base\ot1enc.dfu
File: ot1enc.dfu 2015/06/27 v1.1n UTF-8 support for inputenc
   defining Unicode char U+00A1 (decimal 161)
   defining Unicode char U+00A3 (decimal 163)
   defining Unicode char U+00B8 (decimal 184)
   defining Unicode char U+00BF (decimal 191)
   defining Unicode char U+00C5 (decimal 197)
   defining Unicode char U+00C6 (decimal 198)
   defining Unicode char U+00D8 (decimal 216)
   defining Unicode char U+00DF (decimal 223)
   defining Unicode char U+00E6 (decimal 230)
   defining Unicode char U+00EC (decimal 236)
   defining Unicode char U+00ED (decimal 237)
   defining Unicode char U+00EE (decimal 238)
   defining Unicode char U+00EF (decimal 239)
   defining Unicode char U+00F8 (decimal 248)
   defining Unicode char U+0131 (decimal 305)
   defining Unicode char U+0141 (decimal 321)
   defining Unicode char U+0142 (decimal 322)
   defining Unicode char U+0152 (decimal 338)
   defining Unicode char U+0153 (decimal 339)
   defining Unicode char U+2013 (decimal 8211)
   defining Unicode char U+2014 (decimal 8212)
   defining Unicode char U+2018 (decimal 8216)
   defining Unicode char U+2019 (decimal 8217)
   defining Unicode char U+201C (decimal 8220)
   defining Unicode char U+201D (decimal 8221)
)
Now handling font encoding OMS ...
... processing UTF-8 mapping file for font encoding OMS

(E:\MiKTeX\tex\latex\base\omsenc.dfu
File: omsenc.dfu 2015/06/27 v1.1n UTF-8 support for inputenc
   defining Unicode char U+00A7 (decimal 167)
   defining Unicode char U+00B6 (decimal 182)
   defining Unicode char U+00B7 (decimal 183)
   defining Unicode char U+2020 (decimal 8224)
   defining Unicode char U+2021 (decimal 8225)
   defining Unicode char U+2022 (decimal 8226)
)
Now handling font encoding OMX ...
... no UTF-8 mapping file for font encoding OMX
Now handling font encoding U ...
... no UTF-8 mapping file for font encoding U
Now handling font encoding PD1 ...
... no UTF-8 mapping file for font encoding PD1
   defining Unicode char U+00A9 (decimal 169)
   defining Unicode char U+00AA (decimal 170)
   defining Unicode char U+00AE (decimal 174)
   defining Unicode char U+00BA (decimal 186)
   defining Unicode char U+02C6 (decimal 710)
   defining Unicode char U+02DC (decimal 732)
   defining Unicode char U+200C (decimal 8204)
   defining Unicode char U+2026 (decimal 8230)
   defining Unicode char U+2122 (decimal 8482)
   defining Unicode char U+2423 (decimal 9251)
))
(E:\MiKTeX\tex\latex\eurosym\eurosym.sty
Package: eurosym 1998/08/06 v1.1 European currency symbol ``Euro''
\@eurobox=\box53
)
(E:\MiKTeX\tex\latex\beamer\base\themes\outer\beamerouterthemesidebar.sty
Package: beamerouterthemesidebar 2010/06/17  (rcs-revision d02a7cf4d8ae)
\beamer@sidebarwidth=\dimen189
\beamer@headheight=\dimen190
)
(E:\MiKTeX\tex\latex\beamer\base\themes\inner\beamerinnerthemerounded.sty
Package: beamerinnerthemerounded 2010/06/17  (rcs-revision d02a7cf4d8ae)
)

Package hyperref Warning: Token not allowed in a PDF string (PDFDocEncoding):
(hyperref)                removing `\\' on input line 35.

(erstsemestertag_praesentation.aux)
LaTeX Font Info:    Checking defaults for OML/cmm/m/it on input line 42.
LaTeX Font Info:    ... okay on input line 42.
LaTeX Font Info:    Checking defaults for T1/cmr/m/n on input line 42.
LaTeX Font Info:    ... okay on input line 42.
LaTeX Font Info:    Checking defaults for OT1/cmr/m/n on input line 42.
LaTeX Font Info:    ... okay on input line 42.
LaTeX Font Info:    Checking defaults for OMS/cmsy/m/n on input line 42.
LaTeX Font Info:    ... okay on input line 42.
LaTeX Font Info:    Checking defaults for OMX/cmex/m/n on input line 42.
LaTeX Font Info:    ... okay on input line 42.
LaTeX Font Info:    Checking defaults for U/cmr/m/n on input line 42.
LaTeX Font Info:    ... okay on input line 42.
LaTeX Font Info:    Checking defaults for PD1/pdf/m/n on input line 42.
LaTeX Font Info:    ... okay on input line 42.

*geometry* driver: auto-detecting
*geometry* detected driver: pdftex
*geometry* verbose mode - [ preamble ] result:
* driver: pdftex
* paper: custom
* layout: <same size as paper>
* layoutoffset:(h,v)=(0.0pt,0.0pt)
* modes: includehead includefoot 
* h-part:(L,W,R)=(73.97731pt, 275.99168pt, 14.22636pt)
* v-part:(T,H,B)=(0.0pt, 273.14662pt, 0.0pt)
* \paperwidth=364.19536pt
* \paperheight=273.14662pt
* \textwidth=275.99168pt
* \textheight=244.6939pt
* \oddsidemargin=1.70732pt
* \evensidemargin=1.70732pt
* \topmargin=-72.26999pt
* \headheight=14.22636pt
* \headsep=0.0pt
* \topskip=11.0pt
* \footskip=14.22636pt
* \marginparwidth=4.0pt
* \marginparsep=10.0pt
* \columnsep=10.0pt
* \skip\footins=10.0pt plus 4.0pt minus 2.0pt
* \hoffset=0.0pt
* \voffset=0.0pt
* \mag=1000
* \@twocolumnfalse
* \@twosidefalse
* \@mparswitchfalse
* \@reversemarginfalse
* (1in=72.27pt=25.4mm, 1cm=28.453pt)

(E:\MiKTeX\tex\context\base\supp-pdf.mkii
[Loading MPS to PDF converter (version 2006.09.02).]
\scratchcounter=\count154
\scratchdimen=\dimen191
\scratchbox=\box54
\nofMPsegments=\count155
\nofMParguments=\count156
\everyMPshowfont=\toks45
\MPscratchCnt=\count157
\MPscratchDim=\dimen192
\MPnumerator=\count158
\makeMPintoPDFobject=\count159
\everyMPtoPDFconversion=\toks46
) ABD: EveryShipout initializing macros
\AtBeginShipoutBox=\box55
Package hyperref Info: Link coloring OFF on input line 42.

(E:\MiKTeX\tex\latex\hyperref\nameref.sty
Package: nameref 2012/10/27 v2.43 Cross-referencing by name of section

(E:\MiKTeX\tex\generic\oberdiek\gettitlestring.sty
Package: gettitlestring 2010/12/03 v1.4 Cleanup title references (HO)
)
\c@section@level=\count160
)
LaTeX Info: Redefining \ref on input line 42.
LaTeX Info: Redefining \pageref on input line 42.
LaTeX Info: Redefining \nameref on input line 42.

(erstsemestertag_praesentation.out) (erstsemestertag_praesentation.out)
\@outlinefile=\write5
LaTeX Font Info:    Overwriting symbol font `operators' in version `normal'
(Font)                  OT1/cmr/m/n --> OT1/cmss/m/n on input line 42.
LaTeX Font Info:    Overwriting symbol font `operators' in version `bold'
(Font)                  OT1/cmr/bx/n --> OT1/cmss/bx/n on input line 42.
\symnumbers=\mathgroup6
\sympureletters=\mathgroup7
LaTeX Font Info:    Overwriting math alphabet `\mathrm' in version `normal'
(Font)                  OT1/cmss/m/n --> OT1/cmr/m/n on input line 42.
LaTeX Font Info:    Redeclaring math alphabet \mathbf on input line 42.
LaTeX Font Info:    Overwriting math alphabet `\mathbf' in version `normal'
(Font)                  OT1/cmr/bx/n --> OT1/cmss/bx/n on input line 42.
LaTeX Font Info:    Overwriting math alphabet `\mathbf' in version `bold'
(Font)                  OT1/cmr/bx/n --> OT1/cmss/bx/n on input line 42.
LaTeX Font Info:    Redeclaring math alphabet \mathsf on input line 42.
LaTeX Font Info:    Overwriting math alphabet `\mathsf' in version `normal'
(Font)                  OT1/cmss/m/n --> OT1/cmss/m/n on input line 42.
LaTeX Font Info:    Overwriting math alphabet `\mathsf' in version `bold'
(Font)                  OT1/cmss/bx/n --> OT1/cmss/m/n on input line 42.
LaTeX Font Info:    Redeclaring math alphabet \mathit on input line 42.
LaTeX Font Info:    Overwriting math alphabet `\mathit' in version `normal'
(Font)                  OT1/cmr/m/it --> OT1/cmss/m/it on input line 42.
LaTeX Font Info:    Overwriting math alphabet `\mathit' in version `bold'
(Font)                  OT1/cmr/bx/it --> OT1/cmss/m/it on input line 42.
LaTeX Font Info:    Redeclaring math alphabet \mathtt on input line 42.
LaTeX Font Info:    Overwriting math alphabet `\mathtt' in version `normal'
(Font)                  OT1/cmtt/m/n --> OT1/cmtt/m/n on input line 42.
LaTeX Font Info:    Overwriting math alphabet `\mathtt' in version `bold'
(Font)                  OT1/cmtt/m/n --> OT1/cmtt/m/n on input line 42.
LaTeX Font Info:    Overwriting symbol font `numbers' in version `bold'
(Font)                  OT1/cmss/m/n --> OT1/cmss/bx/n on input line 42.
LaTeX Font Info:    Overwriting symbol font `pureletters' in version `bold'
(Font)                  OT1/cmss/m/it --> OT1/cmss/bx/it on input line 42.
LaTeX Font Info:    Overwriting math alphabet `\mathrm' in version `bold'
(Font)                  OT1/cmss/bx/n --> OT1/cmr/bx/n on input line 42.
LaTeX Font Info:    Overwriting math alphabet `\mathbf' in version `bold'
(Font)                  OT1/cmss/bx/n --> OT1/cmss/bx/n on input line 42.
LaTeX Font Info:    Overwriting math alphabet `\mathsf' in version `bold'
(Font)                  OT1/cmss/m/n --> OT1/cmss/bx/n on input line 42.
LaTeX Font Info:    Overwriting math alphabet `\mathit' in version `bold'
(Font)                  OT1/cmss/m/it --> OT1/cmss/bx/it on input line 42.
LaTeX Font Info:    Overwriting math alphabet `\mathtt' in version `bold'
(Font)                  OT1/cmtt/m/n --> OT1/cmtt/bx/n on input line 42.
LaTeX Font Info:    Redeclaring symbol font `pureletters' on input line 42.
LaTeX Font Info:    Overwriting symbol font `pureletters' in version `normal'
(Font)                  OT1/cmss/m/it --> OT1/mathkerncmss/m/sl on input line 4
2.
LaTeX Font Info:    Overwriting symbol font `pureletters' in version `bold'
(Font)                  OT1/cmss/bx/it --> OT1/mathkerncmss/m/sl on input line 
42.
LaTeX Font Info:    Overwriting symbol font `pureletters' in version `bold'
(Font)                  OT1/mathkerncmss/m/sl --> OT1/mathkerncmss/bx/sl on inp
ut line 42.

(E:\MiKTeX\tex\latex\beamer\base\translator\dicts\translator-basic-dictionary\t
ranslator-basic-dictionary-English.dict
Dictionary: translator-basic-dictionary, Language: English 
)
(E:\MiKTeX\tex\latex\beamer\base\translator\dicts\translator-bibliography-dicti
onary\translator-bibliography-dictionary-English.dict
Dictionary: translator-bibliography-dictionary, Language: English 
)
(E:\MiKTeX\tex\latex\beamer\base\translator\dicts\translator-environment-dictio
nary\translator-environment-dictionary-English.dict
Dictionary: translator-environment-dictionary, Language: English 
)
(E:\MiKTeX\tex\latex\beamer\base\translator\dicts\translator-months-dictionary\
translator-months-dictionary-English.dict
Dictionary: translator-months-dictionary, Language: English 
)
(E:\MiKTeX\tex\latex\beamer\base\translator\dicts\translator-numbers-dictionary
\translator-numbers-dictionary-English.dict
Dictionary: translator-numbers-dictionary, Language: English 
)
(E:\MiKTeX\tex\latex\beamer\base\translator\dicts\translator-theorem-dictionary
\translator-theorem-dictionary-English.dict
Dictionary: translator-theorem-dictionary, Language: English 
)
LaTeX Info: Redefining \includegraphics on input line 42.
 (erstsemestertag_praesentation.nav) <logo_hm.png, id=36, 1284.8pt x 558.085pt>
File: logo_hm.png Graphic file (type png)
 <use logo_hm.png>
Package pdftex.def Info: logo_hm.png used on input line 42.
(pdftex.def)             Requested size: 65.49844pt x 28.45274pt.


LaTeX Font Warning: Font shape `OT1/cmss/m/n' in size <4> not available
(Font)              size <5> substituted on input line 43.


Overfull \hbox (8.04977pt too wide) has occurred while \output is active
 []\OT1/cmss/m/n/6 Erstsemestereinf[]uhrung 
 []


Overfull \hbox (1.89134pt too wide) has occurred while \output is active
 []\OT1/cmss/m/n/6 Auftaktveranstaltung  
 []

File: logo_hm.png Graphic file (type png)
<use logo_hm.png>
Package pdftex.def Info: logo_hm.png used on input line 43.
(pdftex.def)             Requested size: 65.49844pt x 28.45274pt.
 [1{C:/Users/Diana/AppData/Local/MiKTeX/2.9/pdftex/config/pdftex.map}

 <./logo_hm.png (PNG copy)>]
<diana_matti.jpg, id=61, 616.704pt x 410.7345pt>
File: diana_matti.jpg Graphic file (type jpg)
 <use diana_matti.jpg>
Package pdftex.def Info: diana_matti.jpg used on input line 63.
(pdftex.def)             Requested size: 248.39082pt x 165.43153pt.
LaTeX Font Info:    Try loading font information for U+msa on input line 63.

(E:\MiKTeX\tex\latex\amsfonts\umsa.fd
File: umsa.fd 2013/01/14 v3.01 AMS symbols A
)
LaTeX Font Info:    Try loading font information for U+msb on input line 63.
 (E:\MiKTeX\tex\latex\amsfonts\umsb.fd
File: umsb.fd 2013/01/14 v3.01 AMS symbols B
)
LaTeX Font Info:    Try loading font information for OT1+mathkerncmss on input 
line 63.

(E:\MiKTeX\tex\latex\sansmathaccent\ot1mathkerncmss.fd
File: ot1mathkerncmss.fd 2013/03/27 Fontinst v1.933 font definitions for OT1/ma
thkerncmss.
)
Overfull \hbox (8.04977pt too wide) has occurred while \output is active
 []\OT1/cmss/m/n/6 Erstsemestereinf[]uhrung 
 []


Overfull \hbox (1.89134pt too wide) has occurred while \output is active
 []\OT1/cmss/m/n/6 Auftaktveranstaltung  
 []

File: logo_hm.png Graphic file (type png)
<use logo_hm.png>
Package pdftex.def Info: logo_hm.png used on input line 63.
(pdftex.def)             Requested size: 65.49844pt x 28.45274pt.
 [2

 <./diana_matti.jpg>] (erstsemestertag_praesentation.toc)
Overfull \hbox (8.04977pt too wide) has occurred while \output is active
 []\OT1/cmss/m/n/6 Erstsemestereinf[]uhrung 
 []


Overfull \hbox (1.89134pt too wide) has occurred while \output is active
 []\OT1/cmss/m/n/6 Auftaktveranstaltung  
 []

File: logo_hm.png Graphic file (type png)
<use logo_hm.png>
Package pdftex.def Info: logo_hm.png used on input line 68.
(pdftex.def)             Requested size: 65.49844pt x 28.45274pt.
 [3

] <jochen-hertle.png, id=94, 274.02374pt x 184.69pt>
File: jochen-hertle.png Graphic file (type png)

<use jochen-hertle.png>
Package pdftex.def Info: jochen-hertle.png used on input line 91.
(pdftex.def)             Requested size: 55.47473pt x 37.38823pt.
 <Prof_Thurner.jpg, id=95, 115.43124pt x 137.51375pt>
File: Prof_Thurner.jpg Graphic file (type jpg)

<use Prof_Thurner.jpg>
Package pdftex.def Info: Prof_Thurner.jpg used on input line 91.
(pdftex.def)             Requested size: 55.47473pt x 66.08768pt.
 <boettcher.jpg, id=96, 115.43124pt x 137.51375pt>
File: boettcher.jpg Graphic file (type jpg)

<use boettcher.jpg>
Package pdftex.def Info: boettcher.jpg used on input line 91.
(pdftex.def)             Requested size: 55.47473pt x 66.08768pt.

Overfull \hbox (65.3834pt too wide) detected at line 91
[][][] $[]$[][][][][][][][] $[]$[][][][][][] 
 []


Overfull \hbox (8.04977pt too wide) has occurred while \output is active
 []\OT1/cmss/m/n/6 Erstsemestereinf[]uhrung 
 []


Overfull \hbox (1.89134pt too wide) has occurred while \output is active
 []\OT1/cmss/m/n/6 Auftaktveranstaltung  
 []

File: logo_hm.png Graphic file (type png)
<use logo_hm.png>
Package pdftex.def Info: logo_hm.png used on input line 91.
(pdftex.def)             Requested size: 65.49844pt x 28.45274pt.
 [4

 <./jochen-hertle.png (PNG copy)> <./Prof_Thurner.jpg> <./boettcher.jpg>]
File: jochen-hertle.png Graphic file (type png)
 <use jochen-hertle.png>
Package pdftex.def Info: jochen-hertle.png used on input line 99.
(pdftex.def)             Requested size: 193.19333pt x 130.21208pt.

Overfull \hbox (8.04977pt too wide) has occurred while \output is active
 []\OT1/cmss/m/n/6 Erstsemestereinf[]uhrung 
 []


Overfull \hbox (1.89134pt too wide) has occurred while \output is active
 []\OT1/cmss/m/n/6 Auftaktveranstaltung  
 []

File: logo_hm.png Graphic file (type png)
<use logo_hm.png>
Package pdftex.def Info: logo_hm.png used on input line 99.
(pdftex.def)             Requested size: 65.49844pt x 28.45274pt.
 [5

]
File: Prof_Thurner.jpg Graphic file (type jpg)
 <use Prof_Thurner.jpg>
Package pdftex.def Info: Prof_Thurner.jpg used on input line 130.
(pdftex.def)             Requested size: 46.91808pt x 55.8942pt.

Overfull \hbox (8.04977pt too wide) has occurred while \output is active
 []\OT1/cmss/m/n/6 Erstsemestereinf[]uhrung 
 []


Overfull \hbox (1.89134pt too wide) has occurred while \output is active
 []\OT1/cmss/m/n/6 Auftaktveranstaltung  
 []

File: logo_hm.png Graphic file (type png)
<use logo_hm.png>
Package pdftex.def Info: logo_hm.png used on input line 130.
(pdftex.def)             Requested size: 65.49844pt x 28.45274pt.
 [6

]
File: boettcher.jpg Graphic file (type jpg)
 <use boettcher.jpg>
Package pdftex.def Info: boettcher.jpg used on input line 153.
(pdftex.def)             Requested size: 46.91808pt x 55.8942pt.

Overfull \hbox (8.04977pt too wide) has occurred while \output is active
 []\OT1/cmss/m/n/6 Erstsemestereinf[]uhrung 
 []


Overfull \hbox (1.89134pt too wide) has occurred while \output is active
 []\OT1/cmss/m/n/6 Auftaktveranstaltung  
 []

File: logo_hm.png Graphic file (type png)
<use logo_hm.png>
Package pdftex.def Info: logo_hm.png used on input line 153.
(pdftex.def)             Requested size: 65.49844pt x 28.45274pt.
 [7

]
Overfull \hbox (8.04977pt too wide) has occurred while \output is active
 []\OT1/cmss/m/n/6 Erstsemestereinf[]uhrung 
 []


Overfull \hbox (1.89134pt too wide) has occurred while \output is active
 []\OT1/cmss/m/n/6 Auftaktveranstaltung  
 []

File: logo_hm.png Graphic file (type png)
<use logo_hm.png>
Package pdftex.def Info: logo_hm.png used on input line 177.
(pdftex.def)             Requested size: 65.49844pt x 28.45274pt.
 [8

]
Overfull \hbox (8.04977pt too wide) has occurred while \output is active
 []\OT1/cmss/m/n/6 Erstsemestereinf[]uhrung 
 []


Overfull \hbox (1.89134pt too wide) has occurred while \output is active
 []\OT1/cmss/m/n/6 Auftaktveranstaltung  
 []

File: logo_hm.png Graphic file (type png)
<use logo_hm.png>
Package pdftex.def Info: logo_hm.png used on input line 219.
(pdftex.def)             Requested size: 65.49844pt x 28.45274pt.
 [9

] <sekretariat.jpg, id=170, 1212.53pt x 801.99625pt>
File: sekretariat.jpg Graphic file (type jpg)

<use sekretariat.jpg>
Package pdftex.def Info: sekretariat.jpg used on input line 248.
(pdftex.def)             Requested size: 259.43285pt x 171.59367pt.

Overfull \hbox (8.04977pt too wide) has occurred while \output is active
 []\OT1/cmss/m/n/6 Erstsemestereinf[]uhrung 
 []


Overfull \hbox (1.89134pt too wide) has occurred while \output is active
 []\OT1/cmss/m/n/6 Auftaktveranstaltung  
 []

File: logo_hm.png Graphic file (type png)
<use logo_hm.png>
Package pdftex.def Info: logo_hm.png used on input line 248.
(pdftex.def)             Requested size: 65.49844pt x 28.45274pt.
 [10

 <./sekretariat.jpg>]
<fachschaft.jpg, id=182, 1284.8pt x 856.19875pt>
File: fachschaft.jpg Graphic file (type jpg)
 <use fachschaft.jpg>
Package pdftex.def Info: fachschaft.jpg used on input line 255.
(pdftex.def)             Requested size: 259.43285pt x 172.88284pt.

Overfull \hbox (8.04977pt too wide) has occurred while \output is active
 []\OT1/cmss/m/n/6 Erstsemestereinf[]uhrung 
 []


Overfull \hbox (1.89134pt too wide) has occurred while \output is active
 []\OT1/cmss/m/n/6 Auftaktveranstaltung  
 []

File: logo_hm.png Graphic file (type png)
<use logo_hm.png>
Package pdftex.def Info: logo_hm.png used on input line 255.
(pdftex.def)             Requested size: 65.49844pt x 28.45274pt.
 [11

 <./fachschaft.jpg>]
Overfull \hbox (8.04977pt too wide) has occurred while \output is active
 []\OT1/cmss/m/n/6 Erstsemestereinf[]uhrung 
 []


Overfull \hbox (1.89134pt too wide) has occurred while \output is active
 []\OT1/cmss/m/n/6 Auftaktveranstaltung  
 []

File: logo_hm.png Graphic file (type png)
<use logo_hm.png>
Package pdftex.def Info: logo_hm.png used on input line 281.
(pdftex.def)             Requested size: 65.49844pt x 28.45274pt.
 [12

] <erstiguide.jpg, id=208, 261.3765pt x 373.395pt>
File: erstiguide.jpg Graphic file (type jpg)

<use erstiguide.jpg>
Package pdftex.def Info: erstiguide.jpg used on input line 290.
(pdftex.def)             Requested size: 82.79834pt x 118.28096pt.

Overfull \hbox (8.04977pt too wide) has occurred while \output is active
 []\OT1/cmss/m/n/6 Erstsemestereinf[]uhrung 
 []


Overfull \hbox (1.89134pt too wide) has occurred while \output is active
 []\OT1/cmss/m/n/6 Auftaktveranstaltung  
 []

File: logo_hm.png Graphic file (type png)
<use logo_hm.png>
Package pdftex.def Info: logo_hm.png used on input line 290.
(pdftex.def)             Requested size: 65.49844pt x 28.45274pt.
 [13

 <./erstiguide.jpg>]
<fabian.jpg, id=222, 361.35pt x 361.35pt>
File: fabian.jpg Graphic file (type jpg)
 <use fabian.jpg>
Package pdftex.def Info: fabian.jpg used on input line 318.
(pdftex.def)             Requested size: 52.16373pt x 52.16006pt.

<anselm.jpg, id=223, 361.35pt x 361.35pt>
File: anselm.jpg Graphic file (type jpg)
 <use anselm.jpg>
Package pdftex.def Info: anselm.jpg used on input line 318.
(pdftex.def)             Requested size: 52.16373pt x 52.16006pt.

<ersin.jpg, id=224, 361.35pt x 361.35pt>
File: ersin.jpg Graphic file (type jpg)
 <use ersin.jpg>
Package pdftex.def Info: ersin.jpg used on input line 318.
(pdftex.def)             Requested size: 52.16373pt x 52.16006pt.

<nicole.jpg, id=225, 361.35pt x 361.35pt>
File: nicole.jpg Graphic file (type jpg)
 <use nicole.jpg>
Package pdftex.def Info: nicole.jpg used on input line 318.
(pdftex.def)             Requested size: 52.16373pt x 52.16006pt.

Overfull \vbox (0.98465pt too high) detected at line 318
 []


Overfull \hbox (8.04977pt too wide) has occurred while \output is active
 []\OT1/cmss/m/n/6 Erstsemestereinf[]uhrung 
 []


Overfull \hbox (1.89134pt too wide) has occurred while \output is active
 []\OT1/cmss/m/n/6 Auftaktveranstaltung  
 []

File: logo_hm.png Graphic file (type png)
<use logo_hm.png>
Package pdftex.def Info: logo_hm.png used on input line 318.
(pdftex.def)             Requested size: 65.49844pt x 28.45274pt.
 [14

 <./fabian.jpg> <./anselm.jpg> <./ersin.jpg> <./nicole.jpg>]
File: nicole.jpg Graphic file (type jpg)
 <use nicole.jpg>
Package pdftex.def Info: nicole.jpg used on input line 330.
(pdftex.def)             Requested size: 99.35481pt x 99.35225pt.

Overfull \hbox (8.04977pt too wide) has occurred while \output is active
 []\OT1/cmss/m/n/6 Erstsemestereinf[]uhrung 
 []


Overfull \hbox (1.89134pt too wide) has occurred while \output is active
 []\OT1/cmss/m/n/6 Auftaktveranstaltung  
 []

File: logo_hm.png Graphic file (type png)
<use logo_hm.png>
Package pdftex.def Info: logo_hm.png used on input line 330.
(pdftex.def)             Requested size: 65.49844pt x 28.45274pt.
 [15

]
File: fabian.jpg Graphic file (type jpg)
 <use fabian.jpg>
Package pdftex.def Info: fabian.jpg used on input line 346.
(pdftex.def)             Requested size: 99.35481pt x 99.35225pt.

<matti.jpg, id=250, 361.35pt x 361.35pt>
File: matti.jpg Graphic file (type jpg)
 <use matti.jpg>
Package pdftex.def Info: matti.jpg used on input line 346.
(pdftex.def)             Requested size: 99.35481pt x 99.35225pt.

Overfull \hbox (8.04977pt too wide) has occurred while \output is active
 []\OT1/cmss/m/n/6 Erstsemestereinf[]uhrung 
 []


Overfull \hbox (1.89134pt too wide) has occurred while \output is active
 []\OT1/cmss/m/n/6 Auftaktveranstaltung  
 []

File: logo_hm.png Graphic file (type png)
<use logo_hm.png>
Package pdftex.def Info: logo_hm.png used on input line 346.
(pdftex.def)             Requested size: 65.49844pt x 28.45274pt.
 [16

 <./matti.jpg>]
<pittruff.jpg, id=263, 2055.68pt x 1368.11125pt>
File: pittruff.jpg Graphic file (type jpg)
 <use pittruff.jpg>
Package pdftex.def Info: pittruff.jpg used on input line 354.
(pdftex.def)             Requested size: 220.79417pt x 146.94383pt.

Overfull \hbox (8.04977pt too wide) has occurred while \output is active
 []\OT1/cmss/m/n/6 Erstsemestereinf[]uhrung 
 []


Overfull \hbox (1.89134pt too wide) has occurred while \output is active
 []\OT1/cmss/m/n/6 Auftaktveranstaltung  
 []

File: logo_hm.png Graphic file (type png)
<use logo_hm.png>
Package pdftex.def Info: logo_hm.png used on input line 354.
(pdftex.def)             Requested size: 65.49844pt x 28.45274pt.
 [17

 <./pittruff.jpg>]
<xmail.jpg, id=276, 116.8365pt x 78.2925pt>
File: xmail.jpg Graphic file (type jpg)
 <use xmail.jpg>
Package pdftex.def Info: xmail.jpg used on input line 392.
(pdftex.def)             Requested size: 22.07983pt x 14.79568pt.

<primuss.jpg, id=277, 108.405pt x 57.816pt>
File: primuss.jpg Graphic file (type jpg)
 <use primuss.jpg>
Package pdftex.def Info: primuss.jpg used on input line 392.
(pdftex.def)             Requested size: 27.60085pt x 14.72038pt.

<moodle.png, id=278, 204.765pt x 61.22874pt>
File: moodle.png Graphic file (type png)
 <use moodle.png>
Package pdftex.def Info: moodle.png used on input line 392.
(pdftex.def)             Requested size: 27.60085pt x 8.25244pt.

<eduroam.png, id=280, 200.75pt x 87.32625pt>
File: eduroam.png Graphic file (type png)
 <use eduroam.png>
Package pdftex.def Info: eduroam.png used on input line 392.
(pdftex.def)             Requested size: 27.60085pt x 12.00572pt.

<lrz.png, id=281, 362.35374pt x 70.2625pt>
File: lrz.png Graphic file (type png)
 <use lrz.png>
Package pdftex.def Info: lrz.png used on input line 392.
(pdftex.def)             Requested size: 55.1975pt x 10.70294pt.

Overfull \hbox (8.04977pt too wide) has occurred while \output is active
 []\OT1/cmss/m/n/6 Erstsemestereinf[]uhrung 
 []


Overfull \hbox (1.89134pt too wide) has occurred while \output is active
 []\OT1/cmss/m/n/6 Auftaktveranstaltung  
 []

File: logo_hm.png Graphic file (type png)
<use logo_hm.png>
Package pdftex.def Info: logo_hm.png used on input line 392.
(pdftex.def)             Requested size: 65.49844pt x 28.45274pt.
 [18

 <./xmail.jpg> <./primuss.jpg> <./moodle.png> <./eduroam.png> <./lrz.png>]
File: xmail.jpg Graphic file (type jpg)
 <use xmail.jpg>
Package pdftex.def Info: xmail.jpg used on input line 392.
(pdftex.def)             Requested size: 22.07983pt x 14.79568pt.
File: primuss.jpg Graphic file (type jpg)
 <use primuss.jpg>
Package pdftex.def Info: primuss.jpg used on input line 392.
(pdftex.def)             Requested size: 27.60085pt x 14.72038pt.
File: moodle.png Graphic file (type png)
 <use moodle.png>
Package pdftex.def Info: moodle.png used on input line 392.
(pdftex.def)             Requested size: 27.60085pt x 8.25244pt.
File: eduroam.png Graphic file (type png)

<use eduroam.png>
Package pdftex.def Info: eduroam.png used on input line 392.
(pdftex.def)             Requested size: 27.60085pt x 12.00572pt.
File: lrz.png Graphic file (type png)
 <use lrz.png>
Package pdftex.def Info: lrz.png used on input line 392.
(pdftex.def)             Requested size: 55.1975pt x 10.70294pt.

Overfull \hbox (8.04977pt too wide) has occurred while \output is active
 []\OT1/cmss/m/n/6 Erstsemestereinf[]uhrung 
 []


Overfull \hbox (1.89134pt too wide) has occurred while \output is active
 []\OT1/cmss/m/n/6 Auftaktveranstaltung  
 []

File: logo_hm.png Graphic file (type png)
<use logo_hm.png>
Package pdftex.def Info: logo_hm.png used on input line 392.
(pdftex.def)             Requested size: 65.49844pt x 28.45274pt.
 [19

]
File: xmail.jpg Graphic file (type jpg)
 <use xmail.jpg>
Package pdftex.def Info: xmail.jpg used on input line 392.
(pdftex.def)             Requested size: 22.07983pt x 14.79568pt.
File: primuss.jpg Graphic file (type jpg)
 <use primuss.jpg>
Package pdftex.def Info: primuss.jpg used on input line 392.
(pdftex.def)             Requested size: 27.60085pt x 14.72038pt.
File: moodle.png Graphic file (type png)
 <use moodle.png>
Package pdftex.def Info: moodle.png used on input line 392.
(pdftex.def)             Requested size: 27.60085pt x 8.25244pt.
File: eduroam.png Graphic file (type png)

<use eduroam.png>
Package pdftex.def Info: eduroam.png used on input line 392.
(pdftex.def)             Requested size: 27.60085pt x 12.00572pt.
File: lrz.png Graphic file (type png)
 <use lrz.png>
Package pdftex.def Info: lrz.png used on input line 392.
(pdftex.def)             Requested size: 55.1975pt x 10.70294pt.

Overfull \hbox (8.04977pt too wide) has occurred while \output is active
 []\OT1/cmss/m/n/6 Erstsemestereinf[]uhrung 
 []


Overfull \hbox (1.89134pt too wide) has occurred while \output is active
 []\OT1/cmss/m/n/6 Auftaktveranstaltung  
 []

File: logo_hm.png Graphic file (type png)
<use logo_hm.png>
Package pdftex.def Info: logo_hm.png used on input line 392.
(pdftex.def)             Requested size: 65.49844pt x 28.45274pt.
 [20

]
File: xmail.jpg Graphic file (type jpg)
 <use xmail.jpg>
Package pdftex.def Info: xmail.jpg used on input line 392.
(pdftex.def)             Requested size: 22.07983pt x 14.79568pt.
File: primuss.jpg Graphic file (type jpg)
 <use primuss.jpg>
Package pdftex.def Info: primuss.jpg used on input line 392.
(pdftex.def)             Requested size: 27.60085pt x 14.72038pt.
File: moodle.png Graphic file (type png)
 <use moodle.png>
Package pdftex.def Info: moodle.png used on input line 392.
(pdftex.def)             Requested size: 27.60085pt x 8.25244pt.
File: eduroam.png Graphic file (type png)

<use eduroam.png>
Package pdftex.def Info: eduroam.png used on input line 392.
(pdftex.def)             Requested size: 27.60085pt x 12.00572pt.
File: lrz.png Graphic file (type png)
 <use lrz.png>
Package pdftex.def Info: lrz.png used on input line 392.
(pdftex.def)             Requested size: 55.1975pt x 10.70294pt.

Overfull \hbox (8.04977pt too wide) has occurred while \output is active
 []\OT1/cmss/m/n/6 Erstsemestereinf[]uhrung 
 []


Overfull \hbox (1.89134pt too wide) has occurred while \output is active
 []\OT1/cmss/m/n/6 Auftaktveranstaltung  
 []

File: logo_hm.png Graphic file (type png)
<use logo_hm.png>
Package pdftex.def Info: logo_hm.png used on input line 392.
(pdftex.def)             Requested size: 65.49844pt x 28.45274pt.
 [21

] <zpa.jpg, id=352, 127.677pt x 34.9305pt>
File: zpa.jpg Graphic file (type jpg)
 <use zpa.jpg>
Package pdftex.def Info: zpa.jpg used on input line 420.
(pdftex.def)             Requested size: 82.79834pt x 22.65285pt.

Overfull \hbox (8.04977pt too wide) has occurred while \output is active
 []\OT1/cmss/m/n/6 Erstsemestereinf[]uhrung 
 []


Overfull \hbox (1.89134pt too wide) has occurred while \output is active
 []\OT1/cmss/m/n/6 Auftaktveranstaltung  
 []

File: logo_hm.png Graphic file (type png)
<use logo_hm.png>
Package pdftex.def Info: logo_hm.png used on input line 420.
(pdftex.def)             Requested size: 65.49844pt x 28.45274pt.
 [22

 <./zpa.jpg>]
File: zpa.jpg Graphic file (type jpg)
 <use zpa.jpg>
Package pdftex.def Info: zpa.jpg used on input line 420.
(pdftex.def)             Requested size: 82.79834pt x 22.65285pt.

Overfull \hbox (8.04977pt too wide) has occurred while \output is active
 []\OT1/cmss/m/n/6 Erstsemestereinf[]uhrung 
 []


Overfull \hbox (1.89134pt too wide) has occurred while \output is active
 []\OT1/cmss/m/n/6 Auftaktveranstaltung  
 []

File: logo_hm.png Graphic file (type png)
<use logo_hm.png>
Package pdftex.def Info: logo_hm.png used on input line 420.
(pdftex.def)             Requested size: 65.49844pt x 28.45274pt.
 [23

] <vogler.jpg, id=382, 115.43124pt x 137.51375pt>
File: vogler.jpg Graphic file (type jpg)

<use vogler.jpg>
Package pdftex.def Info: vogler.jpg used on input line 435.
(pdftex.def)             Requested size: 46.91808pt x 55.8942pt.

Overfull \hbox (8.04977pt too wide) has occurred while \output is active
 []\OT1/cmss/m/n/6 Erstsemestereinf[]uhrung 
 []


Overfull \hbox (1.89134pt too wide) has occurred while \output is active
 []\OT1/cmss/m/n/6 Auftaktveranstaltung  
 []

File: logo_hm.png Graphic file (type png)
<use logo_hm.png>
Package pdftex.def Info: logo_hm.png used on input line 435.
(pdftex.def)             Requested size: 65.49844pt x 28.45274pt.
 [24

 <./vogler.jpg>]
Overfull \hbox (8.04977pt too wide) has occurred while \output is active
 []\OT1/cmss/m/n/6 Erstsemestereinf[]uhrung 
 []


Overfull \hbox (1.89134pt too wide) has occurred while \output is active
 []\OT1/cmss/m/n/6 Auftaktveranstaltung  
 []

File: logo_hm.png Graphic file (type png)
<use logo_hm.png>
Package pdftex.def Info: logo_hm.png used on input line 447.
(pdftex.def)             Requested size: 65.49844pt x 28.45274pt.
 [25

]
File: primuss.jpg Graphic file (type jpg)
 <use primuss.jpg>
Package pdftex.def Info: primuss.jpg used on input line 465.
(pdftex.def)             Requested size: 82.79834pt x 44.16115pt.

Overfull \hbox (8.04977pt too wide) has occurred while \output is active
 []\OT1/cmss/m/n/6 Erstsemestereinf[]uhrung 
 []


Overfull \hbox (1.89134pt too wide) has occurred while \output is active
 []\OT1/cmss/m/n/6 Auftaktveranstaltung  
 []

File: logo_hm.png Graphic file (type png)
<use logo_hm.png>
Package pdftex.def Info: logo_hm.png used on input line 465.
(pdftex.def)             Requested size: 65.49844pt x 28.45274pt.
 [26

]
File: zpa.jpg Graphic file (type jpg)
 <use zpa.jpg>
Package pdftex.def Info: zpa.jpg used on input line 480.
(pdftex.def)             Requested size: 82.79834pt x 22.65285pt.

Overfull \hbox (8.04977pt too wide) has occurred while \output is active
 []\OT1/cmss/m/n/6 Erstsemestereinf[]uhrung 
 []


Overfull \hbox (1.89134pt too wide) has occurred while \output is active
 []\OT1/cmss/m/n/6 Auftaktveranstaltung  
 []

File: logo_hm.png Graphic file (type png)
<use logo_hm.png>
Package pdftex.def Info: logo_hm.png used on input line 480.
(pdftex.def)             Requested size: 65.49844pt x 28.45274pt.
 [27

]
File: primuss.jpg Graphic file (type jpg)
 <use primuss.jpg>
Package pdftex.def Info: primuss.jpg used on input line 495.
(pdftex.def)             Requested size: 82.79834pt x 44.16115pt.

Overfull \hbox (8.04977pt too wide) has occurred while \output is active
 []\OT1/cmss/m/n/6 Erstsemestereinf[]uhrung 
 []


Overfull \hbox (1.89134pt too wide) has occurred while \output is active
 []\OT1/cmss/m/n/6 Auftaktveranstaltung  
 []

File: logo_hm.png Graphic file (type png)
<use logo_hm.png>
Package pdftex.def Info: logo_hm.png used on input line 495.
(pdftex.def)             Requested size: 65.49844pt x 28.45274pt.
 [28

] <rueckmeldung.jpg, id=450, 292.09125pt x 42.1575pt>
File: rueckmeldung.jpg Graphic file (type jpg)

<use rueckmeldung.jpg>
Package pdftex.def Info: rueckmeldung.jpg used on input line 516.
(pdftex.def)             Requested size: 275.99168pt x 39.8371pt.

Overfull \hbox (8.04977pt too wide) has occurred while \output is active
 []\OT1/cmss/m/n/6 Erstsemestereinf[]uhrung 
 []


Overfull \hbox (1.89134pt too wide) has occurred while \output is active
 []\OT1/cmss/m/n/6 Auftaktveranstaltung  
 []

File: logo_hm.png Graphic file (type png)
<use logo_hm.png>
Package pdftex.def Info: logo_hm.png used on input line 516.
(pdftex.def)             Requested size: 65.49844pt x 28.45274pt.
 [29

 <./rueckmeldung.jpg>]
File: rueckmeldung.jpg Graphic file (type jpg)
 <use rueckmeldung.jpg>
Package pdftex.def Info: rueckmeldung.jpg used on input line 516.
(pdftex.def)             Requested size: 275.99168pt x 39.8371pt.

Overfull \hbox (8.04977pt too wide) has occurred while \output is active
 []\OT1/cmss/m/n/6 Erstsemestereinf[]uhrung 
 []


Overfull \hbox (1.89134pt too wide) has occurred while \output is active
 []\OT1/cmss/m/n/6 Auftaktveranstaltung  
 []

File: logo_hm.png Graphic file (type png)
<use logo_hm.png>
Package pdftex.def Info: logo_hm.png used on input line 516.
(pdftex.def)             Requested size: 65.49844pt x 28.45274pt.
 [30

]
File: rueckmeldung.jpg Graphic file (type jpg)
 <use rueckmeldung.jpg>
Package pdftex.def Info: rueckmeldung.jpg used on input line 516.
(pdftex.def)             Requested size: 275.99168pt x 39.8371pt.

Overfull \hbox (8.04977pt too wide) has occurred while \output is active
 []\OT1/cmss/m/n/6 Erstsemestereinf[]uhrung 
 []


Overfull \hbox (1.89134pt too wide) has occurred while \output is active
 []\OT1/cmss/m/n/6 Auftaktveranstaltung  
 []

File: logo_hm.png Graphic file (type png)
<use logo_hm.png>
Package pdftex.def Info: logo_hm.png used on input line 516.
(pdftex.def)             Requested size: 65.49844pt x 28.45274pt.
 [31

]
File: rueckmeldung.jpg Graphic file (type jpg)
 <use rueckmeldung.jpg>
Package pdftex.def Info: rueckmeldung.jpg used on input line 516.
(pdftex.def)             Requested size: 275.99168pt x 39.8371pt.

Overfull \hbox (8.04977pt too wide) has occurred while \output is active
 []\OT1/cmss/m/n/6 Erstsemestereinf[]uhrung 
 []


Overfull \hbox (1.89134pt too wide) has occurred while \output is active
 []\OT1/cmss/m/n/6 Auftaktveranstaltung  
 []

File: logo_hm.png Graphic file (type png)
<use logo_hm.png>
Package pdftex.def Info: logo_hm.png used on input line 516.
(pdftex.def)             Requested size: 65.49844pt x 28.45274pt.
 [32

]
Overfull \hbox (8.04977pt too wide) has occurred while \output is active
 []\OT1/cmss/m/n/6 Erstsemestereinf[]uhrung 
 []


Overfull \hbox (1.89134pt too wide) has occurred while \output is active
 []\OT1/cmss/m/n/6 Auftaktveranstaltung  
 []

File: logo_hm.png Graphic file (type png)
<use logo_hm.png>
Package pdftex.def Info: logo_hm.png used on input line 531.
(pdftex.def)             Requested size: 65.49844pt x 28.45274pt.
 [33

]
Overfull \hbox (8.04977pt too wide) has occurred while \output is active
 []\OT1/cmss/m/n/6 Erstsemestereinf[]uhrung 
 []


Overfull \hbox (1.89134pt too wide) has occurred while \output is active
 []\OT1/cmss/m/n/6 Auftaktveranstaltung  
 []

File: logo_hm.png Graphic file (type png)
<use logo_hm.png>
Package pdftex.def Info: logo_hm.png used on input line 531.
(pdftex.def)             Requested size: 65.49844pt x 28.45274pt.
 [34

]
Overfull \hbox (8.04977pt too wide) has occurred while \output is active
 []\OT1/cmss/m/n/6 Erstsemestereinf[]uhrung 
 []


Overfull \hbox (1.89134pt too wide) has occurred while \output is active
 []\OT1/cmss/m/n/6 Auftaktveranstaltung  
 []

File: logo_hm.png Graphic file (type png)
<use logo_hm.png>
Package pdftex.def Info: logo_hm.png used on input line 531.
(pdftex.def)             Requested size: 65.49844pt x 28.45274pt.
 [35

]
Overfull \hbox (8.04977pt too wide) has occurred while \output is active
 []\OT1/cmss/m/n/6 Erstsemestereinf[]uhrung 
 []


Overfull \hbox (1.89134pt too wide) has occurred while \output is active
 []\OT1/cmss/m/n/6 Auftaktveranstaltung  
 []

File: logo_hm.png Graphic file (type png)
<use logo_hm.png>
Package pdftex.def Info: logo_hm.png used on input line 531.
(pdftex.def)             Requested size: 65.49844pt x 28.45274pt.
 [36

]
Overfull \hbox (8.04977pt too wide) has occurred while \output is active
 []\OT1/cmss/m/n/6 Erstsemestereinf[]uhrung 
 []


Overfull \hbox (1.89134pt too wide) has occurred while \output is active
 []\OT1/cmss/m/n/6 Auftaktveranstaltung  
 []

File: logo_hm.png Graphic file (type png)
<use logo_hm.png>
Package pdftex.def Info: logo_hm.png used on input line 531.
(pdftex.def)             Requested size: 65.49844pt x 28.45274pt.
 [37

]
Overfull \hbox (8.04977pt too wide) has occurred while \output is active
 []\OT1/cmss/m/n/6 Erstsemestereinf[]uhrung 
 []


Overfull \hbox (1.89134pt too wide) has occurred while \output is active
 []\OT1/cmss/m/n/6 Auftaktveranstaltung  
 []

File: logo_hm.png Graphic file (type png)
<use logo_hm.png>
Package pdftex.def Info: logo_hm.png used on input line 550.
(pdftex.def)             Requested size: 65.49844pt x 28.45274pt.
 [38

]
Overfull \hbox (8.04977pt too wide) has occurred while \output is active
 []\OT1/cmss/m/n/6 Erstsemestereinf[]uhrung 
 []


Overfull \hbox (1.89134pt too wide) has occurred while \output is active
 []\OT1/cmss/m/n/6 Auftaktveranstaltung  
 []

File: logo_hm.png Graphic file (type png)
<use logo_hm.png>
Package pdftex.def Info: logo_hm.png used on input line 550.
(pdftex.def)             Requested size: 65.49844pt x 28.45274pt.
 [39

]
Overfull \hbox (8.04977pt too wide) has occurred while \output is active
 []\OT1/cmss/m/n/6 Erstsemestereinf[]uhrung 
 []


Overfull \hbox (1.89134pt too wide) has occurred while \output is active
 []\OT1/cmss/m/n/6 Auftaktveranstaltung  
 []

File: logo_hm.png Graphic file (type png)
<use logo_hm.png>
Package pdftex.def Info: logo_hm.png used on input line 550.
(pdftex.def)             Requested size: 65.49844pt x 28.45274pt.
 [40

]
Overfull \hbox (8.04977pt too wide) has occurred while \output is active
 []\OT1/cmss/m/n/6 Erstsemestereinf[]uhrung 
 []


Overfull \hbox (1.89134pt too wide) has occurred while \output is active
 []\OT1/cmss/m/n/6 Auftaktveranstaltung  
 []

File: logo_hm.png Graphic file (type png)
<use logo_hm.png>
Package pdftex.def Info: logo_hm.png used on input line 550.
(pdftex.def)             Requested size: 65.49844pt x 28.45274pt.
 [41

]
\tf@nav=\write6
\tf@toc=\write7
\tf@snm=\write8
Package atveryend Info: Empty hook `BeforeClearDocument' on input line 554.
Package atveryend Info: Empty hook `AfterLastShipout' on input line 554.
 (erstsemestertag_praesentation.aux)
Package atveryend Info: Executing hook `AtVeryEndDocument' on input line 554.
Package atveryend Info: Executing hook `AtEndAfterFileList' on input line 554.
Package rerunfilecheck Info: File `erstsemestertag_praesentation.out' has not c
hanged.
(rerunfilecheck)             Checksum: 79913E1C93028703896C9259B3432145;316.


LaTeX Font Warning: Size substitutions with differences
(Font)              up to 1.0pt have occurred.

Package atveryend Info: Empty hook `AtVeryVeryEnd' on input line 554.
 ) 
Here is how much of TeX's memory you used:
 17590 strings out of 493673
 326469 string characters out of 3151276
 408806 words of memory out of 3000000
 20399 multiletter control sequences out of 15000+200000
 16751 words of font info for 63 fonts, out of 3000000 for 9000
 1025 hyphenation exceptions out of 8191
 56i,20n,61p,410b,855s stack positions out of 5000i,500n,10000p,200000b,50000s
<E:/MiKTeX/fonts/type1/public/amsfonts/cm/cmss10.pfb><E:/MiKTeX/fonts/type1/p
ublic/amsfonts/cm/cmss12.pfb><E:/MiKTeX/fonts/type1/public/amsfonts/cm/cmss8.pf
b><E:/MiKTeX/fonts/type1/public/amsfonts/cm/cmss9.pfb><E:/MiKTeX/fonts/type1/pu
blic/amsfonts/cm/cmssbx10.pfb><E:/MiKTeX/fonts/type1/public/amsfonts/cm/cmtt10.
pfb><E:/MiKTeX/fonts/type1/public/amsfonts/cm/cmtt9.pfb><E:/MiKTeX/fonts/type1/
public/eurosym/feymr10.pfb>
Output written on erstsemestertag_praesentation.pdf (41 pages, 1400073 bytes).
PDF statistics:
 686 PDF objects out of 1000 (max. 8388607)
 89 named destinations out of 1000 (max. 500000)
 213 words of extra memory for PDF output out of 10000 (max. 10000000)

